<?xml version="1.0"?>
<!DOCTYPE coverage SYSTEM "http://cobertura.sourceforge.net/xml/coverage-04.dtd">

<coverage line-rate="0.25" branch-rate="1.0" lines-covered="1" lines-valid="4" branches-covered="0" branches-valid="0" complexity="1.0" version="1.9.4.1" timestamp="1707194619094">
	<sources>
		<source>/home/pyke/Downloads/omd-ci (github)/OMD-CI/target/generated-sources/annotations</source>
		<source>/home/pyke/Downloads/omd-ci (github)/OMD-CI/src/main/java</source>
		<source>--source</source>
	</sources>
	<packages>
		<package name="fr.pyke.omd.ci" line-rate="0.25" branch-rate="1.0" complexity="1.0">
			<classes>
				<class name="fr.pyke.omd.ci.App" filename="fr/pyke/omd/ci/App.java" line-rate="0.25" branch-rate="1.0" complexity="1.0">
					<methods>
						<method name="&lt;init&gt;" signature="()V" line-rate="0.0" branch-rate="1.0">
							<lines>
								<line number="7" hits="0" branch="false"/>
							</lines>
						</method>
						<method name="add" signature="(II)I" line-rate="1.0" branch-rate="1.0">
							<lines>
								<line number="13" hits="2" branch="false"/>
							</lines>
						</method>
						<method name="main" signature="([Ljava/lang/String;)V" line-rate="0.0" branch-rate="1.0">
							<lines>
								<line number="9" hits="0" branch="false"/>
								<line number="10" hits="0" branch="false"/>
							</lines>
						</method>
					</methods>
					<lines>
						<line number="7" hits="0" branch="false"/>
						<line number="9" hits="0" branch="false"/>
						<line number="10" hits="0" branch="false"/>
						<line number="13" hits="2" branch="false"/>
					</lines>
				</class>
			</classes>
		</package>
	</packages>
</coverage>
